\BOOKMARK [1][-]{section.1}{\376\377\000I\000n\000t\000r\000o\000d\000u\000c\000t\000i\000o\000n}{}% 1
\BOOKMARK [1][-]{section.2}{\376\377\000S\000y\000s\000t\000e\000m\000\040\000P\000a\000r\000a\000m\000e\000t\000e\000r\000s}{}% 2
\BOOKMARK [1][-]{section.3}{\376\377\000L\000a\000p\000l\000a\000c\000i\000a\000n\000\040\000R\000a\000n\000d\000o\000m\000\040\000V\000a\000r\000i\000a\000b\000l\000e\000\040\000V\000e\000r\000i\000f\000i\000c\000a\000t\000i\000o\000n}{}% 3
\BOOKMARK [1][-]{section.4}{\376\377\000B\000i\000t\000\040\000E\000r\000r\000o\000r\000\040\000R\000a\000t\000e\000\040\000S\000i\000m\000u\000l\000a\000t\000i\000o\000n}{}% 4
\BOOKMARK [2][-]{subsection.4.1}{\376\377\000N\000o\000i\000s\000e\000-\000o\000n\000l\000y\000\040\000c\000h\000a\000n\000n\000e\000l\000s}{section.4}% 5
\BOOKMARK [2][-]{subsection.4.2}{\376\377\000F\000l\000a\000t\000-\000f\000a\000d\000i\000n\000g\000\040\000c\000h\000a\000n\000n\000e\000l\000s}{section.4}% 6
\BOOKMARK [2][-]{subsection.4.3}{\376\377\000R\000a\000n\000d\000o\000m\000l\000y\000\040\000d\000e\000p\000l\000o\000y\000e\000d\000\040\000u\000s\000e\000r\000s}{section.4}% 7
\BOOKMARK [1][-]{section.5}{\376\377\000O\000u\000t\000a\000g\000e\000\040\000P\000r\000o\000b\000a\000b\000i\000l\000i\000t\000y}{}% 8
\BOOKMARK [1][-]{section.6}{\376\377\000R\000e\000s\000u\000l\000t\000s}{}% 9
\BOOKMARK [1][-]{section.7}{\376\377\000D\000i\000s\000c\000u\000s\000s\000i\000o\000n}{}% 10
\BOOKMARK [1][-]{section.8}{\376\377\000C\000o\000n\000c\000l\000u\000s\000i\000o\000n}{}% 11
\BOOKMARK [1][-]{appendix.A}{\376\377\000L\000a\000p\000l\000a\000c\000i\000a\000n\000\040\000R\000a\000n\000d\000o\000m\000\040\000V\000a\000r\000i\000a\000b\000l\000e\000:\000\040\000C\000D\000F\000\040\000D\000e\000r\000i\000v\000a\000t\000i\000o\000n\000\040\000a\000n\000d\000\040\000I\000n\000v\000e\000r\000s\000e\000-\000C\000D\000F\000\040\000S\000a\000m\000p\000l\000i\000n\000g}{}% 12
\BOOKMARK [1][-]{appendix.B}{\376\377\000B\000E\000R\000\040\000D\000e\000r\000i\000v\000a\000t\000i\000o\000n\000\040\000f\000o\000r\000\040\000t\000h\000e\000\040\000F\000o\000u\000r\000\040\000F\000a\000d\000i\000n\000g\000N\000o\000i\000s\000e\000\040\000C\000h\000a\000n\000n\000e\000l\000s}{}% 13
\BOOKMARK [2][-]{subsection.B.1}{\376\377\000A\000W\000G\000N\000\040\000c\000h\000a\000n\000n\000e\000l}{appendix.B}% 14
\BOOKMARK [2][-]{subsection.B.2}{\376\377\000L\000a\000p\000l\000a\000c\000i\000a\000n\000\040\000i\000m\000p\000u\000l\000s\000i\000v\000e\000-\000n\000o\000i\000s\000e\000\040\000c\000h\000a\000n\000n\000e\000l}{appendix.B}% 15
\BOOKMARK [2][-]{subsection.B.3}{\376\377\000R\000a\000y\000l\000e\000i\000g\000h\000\040\000f\000a\000d\000i\000n\000g\000\040\000c\000h\000a\000n\000n\000e\000l}{appendix.B}% 16
\BOOKMARK [2][-]{subsection.B.4}{\376\377\000R\000i\000c\000i\000a\000n\000\040\000f\000a\000d\000i\000n\000g\000\040\000c\000h\000a\000n\000n\000e\000l}{appendix.B}% 17
\BOOKMARK [1][-]{appendix.C}{\376\377\000R\000a\000n\000d\000o\000m\000\040\000U\000s\000e\000r\000\040\000D\000e\000p\000l\000o\000y\000m\000e\000n\000t\000:\000\040\000D\000i\000s\000t\000a\000n\000c\000e\000\040\000D\000i\000s\000t\000r\000i\000b\000u\000t\000i\000o\000n\000\040\000a\000n\000d\000\040\000A\000v\000e\000r\000a\000g\000i\000n\000g}{}% 18
\BOOKMARK [1][-]{appendix.D}{\376\377\000O\000u\000t\000a\000g\000e\000\040\000P\000r\000o\000b\000a\000b\000i\000l\000i\000t\000y\000\040\000D\000e\000r\000i\000v\000a\000t\000i\000o\000n}{}% 19
\BOOKMARK [2][-]{subsection.D.1}{\376\377\000R\000a\000y\000l\000e\000i\000g\000h\000\040\000f\000a\000d\000i\000n\000g\000\040\000\050\000f\000i\000x\000e\000d\000\040\000d\000i\000s\000t\000a\000n\000c\000e\000\040\000d\000=\0001\000\051}{appendix.D}% 20
\BOOKMARK [2][-]{subsection.D.2}{\376\377\000R\000i\000c\000i\000a\000n\000\040\000f\000a\000d\000i\000n\000g\000\040\000\050\000f\000i\000x\000e\000d\000\040\000d\000i\000s\000t\000a\000n\000c\000e\000\040\000d\000=\0001\000\051}{appendix.D}% 21
\BOOKMARK [2][-]{subsection.D.3}{\376\377\000R\000a\000n\000d\000o\000m\000l\000y\000\040\000d\000e\000p\000l\000o\000y\000e\000d\000\040\000u\000s\000e\000r\000s\000\040\000o\000v\000e\000r\000\040\000R\000a\000y\000l\000e\000i\000g\000h\000\040\000f\000a\000d\000i\000n\000g}{appendix.D}% 22
\BOOKMARK [2][-]{subsection.D.4}{\376\377\000R\000a\000n\000d\000o\000m\000l\000y\000\040\000d\000e\000p\000l\000o\000y\000e\000d\000\040\000u\000s\000e\000r\000s\000\040\000o\000v\000e\000r\000\040\000R\000i\000c\000i\000a\000n\000\040\000f\000a\000d\000i\000n\000g}{appendix.D}% 23
\BOOKMARK [1][-]{appendix.E}{\376\377\000M\000o\000n\000t\000e\000\040\000C\000a\000r\000l\000o\000\040\000S\000a\000m\000p\000l\000e\000-\000S\000i\000z\000e\000\040\000L\000i\000m\000i\000t\000a\000t\000i\000o\000n\000s\000\040\000a\000t\000\040\000H\000i\000g\000h\000\040\000S\000N\000R}{}% 24
