ELEC9123 Design Task B - Monte Carlo Simulation
Author: YU (z5615351)
Samples per SNR point: 1000000

TASK 2: Laplacian CDF max absolute error = 9.3298e-04

BER simulation completed for SNR = 0 dB
BER simulation completed for SNR = 1 dB
BER simulation completed for SNR = 2 dB
BER simulation completed for SNR = 3 dB
BER simulation completed for SNR = 4 dB
BER simulation completed for SNR = 5 dB
BER simulation completed for SNR = 6 dB
BER simulation completed for SNR = 7 dB
BER simulation completed for SNR = 8 dB
BER simulation completed for SNR = 9 dB
BER simulation completed for SNR = 10 dB
BER simulation completed for SNR = 11 dB
BER simulation completed for SNR = 12 dB
BER simulation completed for SNR = 13 dB
BER simulation completed for SNR = 14 dB
BER simulation completed for SNR = 15 dB
Outage simulation completed for SNR = 0 dB
Outage simulation completed for SNR = 1 dB
Outage simulation completed for SNR = 2 dB
Outage simulation completed for SNR = 3 dB
Outage simulation completed for SNR = 4 dB
Outage simulation completed for SNR = 5 dB
Outage simulation completed for SNR = 6 dB
Outage simulation completed for SNR = 7 dB
Outage simulation completed for SNR = 8 dB
Outage simulation completed for SNR = 9 dB
Outage simulation completed for SNR = 10 dB
Outage simulation completed for SNR = 11 dB
Outage simulation completed for SNR = 12 dB
Outage simulation completed for SNR = 13 dB
Outage simulation completed for SNR = 14 dB
Outage simulation completed for SNR = 15 dB

--- BER Percentage Deviation (Simulated vs Analytical) ---
SNR(dB) | AWGN    Laplace  Rayleigh Rician   RayRand  RicRand
    0   |  0.607%  0.129%  0.129%  0.229%  0.331%  0.229%
    1   |  0.162%  0.047%  0.333%  0.285%  0.098%  0.177%
    2   |  0.152%  0.350%  0.223%  0.345%  0.052%  0.158%
    3   |  0.636%  0.072%  0.407%  0.605%  0.252%  0.085%
    4   |  1.606%  0.030%  0.255%  0.647%  0.370%  0.044%
    5   |  2.320%  0.826%  0.264%  0.249%  0.010%  0.233%
    6   |  1.561%  0.039%  0.030%  0.487%  0.058%  0.252%
    7   |  1.077%  0.400%  0.507%  0.282%  0.120%  0.228%
    8   |  0.999%  0.065%  0.533%  0.906%  0.290%  0.242%
    9   |  4.839%  0.935%  0.356%  0.659%  0.089%  0.189%
   10   | 106.606%  0.465%  0.569%  1.878%  0.140%  0.995%
   11   | 100.000%  3.580%  0.381%  0.227%  0.377%  0.394%
   12   | 100.000%  3.630%  0.699%  1.498%  0.397%  0.961%
   13   | 100.000%  3.033%  0.948%  5.232%  0.243%  0.567%
   14   | 100.000%  3.690%  0.217%  0.482%  0.086%  0.909%
   15   | 100.000%  2.926%  1.088%  6.564%  0.958%  0.565%

--- Outage Probability Percentage Deviation (Simulated vs Analytical) ---
SNR(dB) | Rayleigh Rician   RayRand  RicRand
    0   |  0.040%  0.061%  0.010%  0.034%
    1   |  0.078%  0.029%  0.004%  0.063%
    2   |  0.165%  0.050%  0.017%  0.054%
    3   |  0.223%  0.050%  0.024%  0.047%
    4   |  0.302%  0.004%  0.035%  0.016%
    5   |  0.380%  0.194%  0.013%  0.009%
    6   |  0.294%  0.622%  0.012%  0.005%
    7   |  0.215%  0.536%  0.017%  0.047%
    8   |  0.107%  0.743%  0.016%  0.039%
    9   |  0.009%  0.405%  0.046%  0.030%
   10   |  0.031%  0.437%  0.070%  0.087%
   11   |  0.043%  0.231%  0.081%  0.176%
   12   |  0.052%  0.226%  0.202%  0.216%
   13   |  0.105%  0.377%  0.258%  0.086%
   14   |  0.336%  0.080%  0.345%  0.421%
   15   |  0.475%  0.437%  0.368%  0.424%

--- Demonstration: BER deviation decreases with more samples ---
N =  100000 : BER_sim = 1.000000e-05, Deviation = 158.2572%
N =  500000 : BER_sim = 2.000000e-06, Deviation = 48.3486%
N = 1000000 : BER_sim = 2.000000e-06, Deviation = 48.3486%
N = 5000000 : BER_sim = 2.800000e-06, Deviation = 27.6880%
